This is pdfTeX, Version 3.1415926-2.5-1.40.14 (TeX Live 2013/Debian) (format=pdflatex 2016.11.3)  21 NOV 2016 16:39
entering extended mode
 restricted \write18 enabled.
 %&-line parsing enabled.
**carpio-cs190-ieee.tex
(./carpio-cs190-ieee.tex
LaTeX2e <2011/06/27>
Babel <3.9h> and hyphenation patterns for 2 languages loaded.
(./IEEE/IEEEtran.cls

LaTeX Warning: You have requested document class `./IEEE/IEEEtran',
               but the document class provides `IEEEtran'.

Document Class: IEEEtran 2002/11/18 revision V1.6b by Michael Shell
-- See the "IEEEtran_HOWTO" manual for usage information.
-- The source comments contain changelog notes.
\@IEEEtrantmpdimenA=\dimen102
\@IEEEtrantmpdimenB=\dimen103
\@IEEEtrantmpcountA=\count79
\@IEEEtrantmpcountB=\count80
\@IEEEtrantmptoksA=\toks14
LaTeX Font Info:    Try loading font information for OT1+ptm on input line 776.

(/usr/share/texlive/texmf-dist/tex/latex/psnfss/ot1ptm.fd
File: ot1ptm.fd 2001/06/04 font definitions for OT1/ptm.
)
\@IEEEnormalsizefontbaselineskip=\skip41

-- This is a 10 point document.
\normalsizebaselineskip=\skip42
\normaljot=\skip43
LaTeX Font Info:    Font shape `OT1/ptm/bx/n' in size <5> not available
(Font)              Font shape `OT1/ptm/b/n' tried instead on input line 1095.
LaTeX Font Info:    Font shape `OT1/ptm/bx/it' in size <5> not available
(Font)              Font shape `OT1/ptm/b/it' tried instead on input line 1095.

LaTeX Font Info:    Font shape `OT1/ptm/bx/n' in size <7> not available
(Font)              Font shape `OT1/ptm/b/n' tried instead on input line 1095.
LaTeX Font Info:    Font shape `OT1/ptm/bx/it' in size <7> not available
(Font)              Font shape `OT1/ptm/b/it' tried instead on input line 1095.

LaTeX Font Info:    Font shape `OT1/ptm/bx/n' in size <8> not available
(Font)              Font shape `OT1/ptm/b/n' tried instead on input line 1095.
LaTeX Font Info:    Font shape `OT1/ptm/bx/it' in size <8> not available
(Font)              Font shape `OT1/ptm/b/it' tried instead on input line 1095.

LaTeX Font Info:    Font shape `OT1/ptm/bx/n' in size <9> not available
(Font)              Font shape `OT1/ptm/b/n' tried instead on input line 1095.
LaTeX Font Info:    Font shape `OT1/ptm/bx/it' in size <9> not available
(Font)              Font shape `OT1/ptm/b/it' tried instead on input line 1095.

LaTeX Font Info:    Font shape `OT1/ptm/bx/n' in size <10> not available
(Font)              Font shape `OT1/ptm/b/n' tried instead on input line 1095.
LaTeX Font Info:    Font shape `OT1/ptm/bx/it' in size <10> not available
(Font)              Font shape `OT1/ptm/b/it' tried instead on input line 1095.

LaTeX Font Info:    Font shape `OT1/ptm/bx/n' in size <11> not available
(Font)              Font shape `OT1/ptm/b/n' tried instead on input line 1095.
LaTeX Font Info:    Font shape `OT1/ptm/bx/it' in size <11> not available
(Font)              Font shape `OT1/ptm/b/it' tried instead on input line 1095.

LaTeX Font Info:    Font shape `OT1/ptm/bx/n' in size <12> not available
(Font)              Font shape `OT1/ptm/b/n' tried instead on input line 1095.
LaTeX Font Info:    Font shape `OT1/ptm/bx/it' in size <12> not available
(Font)              Font shape `OT1/ptm/b/it' tried instead on input line 1095.

LaTeX Font Info:    Font shape `OT1/ptm/bx/n' in size <17> not available
(Font)              Font shape `OT1/ptm/b/n' tried instead on input line 1095.
LaTeX Font Info:    Font shape `OT1/ptm/bx/it' in size <17> not available
(Font)              Font shape `OT1/ptm/b/it' tried instead on input line 1095.

LaTeX Font Info:    Font shape `OT1/ptm/bx/n' in size <20> not available
(Font)              Font shape `OT1/ptm/b/n' tried instead on input line 1095.
LaTeX Font Info:    Font shape `OT1/ptm/bx/it' in size <20> not available
(Font)              Font shape `OT1/ptm/b/it' tried instead on input line 1095.

LaTeX Font Info:    Font shape `OT1/ptm/bx/n' in size <24> not available
(Font)              Font shape `OT1/ptm/b/n' tried instead on input line 1095.
LaTeX Font Info:    Font shape `OT1/ptm/bx/it' in size <24> not available
(Font)              Font shape `OT1/ptm/b/it' tried instead on input line 1095.

\IEEEilabelindentA=\dimen104
\IEEEilabelindentB=\dimen105
\IEEEilabelindent=\dimen106
\IEEEelabelindent=\dimen107
\IEEEdlabelindent=\dimen108
\labelindent=\dimen109
\IEEEiednormlabelsep=\dimen110
\IEEEiedmathlabelsep=\dimen111
\IEEEiedtopsep=\skip44
\c@section=\count81
\c@subsection=\count82
\c@subsubsection=\count83
\c@paragraph=\count84
\c@IEEEsubequation=\count85
\abovecaptionskip=\skip45
\belowcaptionskip=\skip46
\c@figure=\count86
\c@table=\count87
\@IEEEeqnnumcols=\count88
\@IEEEeqncolcnt=\count89
\@IEEEtmpitemindent=\dimen112
\c@biography=\count90
\@IEEEtranrubishbin=\box26
) (/usr/share/texlive/texmf-dist/tex/latex/cite/cite.sty
LaTeX Info: Redefining \cite on input line 302.
LaTeX Info: Redefining \nocite on input line 373.
Package: cite 2010/09/10  v 5.3
)
(/usr/share/texlive/texmf-dist/tex/latex/graphics/graphicx.sty
Package: graphicx 1999/02/16 v1.0f Enhanced LaTeX Graphics (DPC,SPQR)

(/usr/share/texlive/texmf-dist/tex/latex/graphics/keyval.sty
Package: keyval 1999/03/16 v1.13 key=value parser (DPC)
\KV@toks@=\toks15
)
(/usr/share/texlive/texmf-dist/tex/latex/graphics/graphics.sty
Package: graphics 2009/02/05 v1.0o Standard LaTeX Graphics (DPC,SPQR)

(/usr/share/texlive/texmf-dist/tex/latex/graphics/trig.sty
Package: trig 1999/03/16 v1.09 sin cos tan (DPC)
)
(/usr/share/texlive/texmf-dist/tex/latex/latexconfig/graphics.cfg
File: graphics.cfg 2010/04/23 v1.9 graphics configuration of TeX Live
)
Package graphics Info: Driver file: pdftex.def on input line 91.

(/usr/share/texlive/texmf-dist/tex/latex/pdftex-def/pdftex.def
File: pdftex.def 2011/05/27 v0.06d Graphics/color for pdfTeX

(/usr/share/texlive/texmf-dist/tex/generic/oberdiek/infwarerr.sty
Package: infwarerr 2010/04/08 v1.3 Providing info/warning/error messages (HO)
)
(/usr/share/texlive/texmf-dist/tex/generic/oberdiek/ltxcmds.sty
Package: ltxcmds 2011/11/09 v1.22 LaTeX kernel commands for general use (HO)
)
\Gread@gobject=\count91
))
\Gin@req@height=\dimen113
\Gin@req@width=\dimen114
)
(/usr/share/texlive/texmf-dist/tex/latex/caption/caption.sty
Package: caption 2013/05/02 v3.3-89 Customizing captions (AR)

(/usr/share/texlive/texmf-dist/tex/latex/caption/caption3.sty
Package: caption3 2013/05/02 v1.6-88 caption3 kernel (AR)
Package caption3 Info: TeX engine: e-TeX on input line 57.
\captionmargin=\dimen115
\captionmargin@=\dimen116
\captionwidth=\dimen117
\caption@tempdima=\dimen118
\caption@indent=\dimen119
\caption@parindent=\dimen120
\caption@hangindent=\dimen121
Package caption Info: Unknown document class (or package),
(caption)             standard defaults will be used.
)

Package caption Warning: Unsupported document class (or package) detected,
(caption)                usage of the caption package is not recommended.
See the caption package documentation for explanation.

Package caption Info: \@makecaption = \long macro:#1#2->\ifx \@captype \@IEEEta
blestring \begin {center}{\footnotesize #1}\\{\footnotesize \scshape #2}\end {c
enter}\@IEEEtablecaptionsepspace \else \@IEEEfigurecaptionsepspace \setbox \@te
mpboxa \hbox {\footnotesize #1.~~ #2}\ifdim \wd \@tempboxa >\hsize \setbox \@te
mpboxa \hbox {\footnotesize #1.~~ }\parbox [t]{\hsize }{\footnotesize \noindent
 \unhbox \@tempboxa #2}\else \ifcenterfigcaptions \hbox to\hsize {\footnotesize
 \hfil \box \@tempboxa \hfil }\else \hbox to\hsize {\footnotesize \box \@tempbo
xa \hfil }\fi \fi \fi .
\c@ContinuedFloat=\count92
) (./carpio-cs190-ieee.aux)
\openout1 = `carpio-cs190-ieee.aux'.

LaTeX Font Info:    Checking defaults for OML/cmm/m/it on input line 25.
LaTeX Font Info:    ... okay on input line 25.
LaTeX Font Info:    Checking defaults for T1/cmr/m/n on input line 25.
LaTeX Font Info:    ... okay on input line 25.
LaTeX Font Info:    Checking defaults for OT1/cmr/m/n on input line 25.
LaTeX Font Info:    ... okay on input line 25.
LaTeX Font Info:    Checking defaults for OMS/cmsy/m/n on input line 25.
LaTeX Font Info:    ... okay on input line 25.
LaTeX Font Info:    Checking defaults for OMX/cmex/m/n on input line 25.
LaTeX Font Info:    ... okay on input line 25.
LaTeX Font Info:    Checking defaults for U/cmr/m/n on input line 25.
LaTeX Font Info:    ... okay on input line 25.

(/usr/share/texlive/texmf-dist/tex/context/base/supp-pdf.mkii
[Loading MPS to PDF converter (version 2006.09.02).]
\scratchcounter=\count93
\scratchdimen=\dimen122
\scratchbox=\box27
\nofMPsegments=\count94
\nofMParguments=\count95
\everyMPshowfont=\toks16
\MPscratchCnt=\count96
\MPscratchDim=\dimen123
\MPnumerator=\count97
\makeMPintoPDFobject=\count98
\everyMPtoPDFconversion=\toks17
) (/usr/share/texlive/texmf-dist/tex/generic/oberdiek/pdftexcmds.sty
Package: pdftexcmds 2011/11/29 v0.20 Utility functions of pdfTeX for LuaTeX (HO
)

(/usr/share/texlive/texmf-dist/tex/generic/oberdiek/ifluatex.sty
Package: ifluatex 2010/03/01 v1.3 Provides the ifluatex switch (HO)
Package ifluatex Info: LuaTeX not detected.
)
(/usr/share/texlive/texmf-dist/tex/generic/oberdiek/ifpdf.sty
Package: ifpdf 2011/01/30 v2.3 Provides the ifpdf switch (HO)
Package ifpdf Info: pdfTeX in PDF mode is detected.
)
Package pdftexcmds Info: LuaTeX not detected.
Package pdftexcmds Info: \pdf@primitive is available.
Package pdftexcmds Info: \pdf@ifprimitive is available.
Package pdftexcmds Info: \pdfdraftmode found.
)
(/usr/share/texlive/texmf-dist/tex/latex/oberdiek/epstopdf-base.sty
Package: epstopdf-base 2010/02/09 v2.5 Base part for package epstopdf

(/usr/share/texlive/texmf-dist/tex/latex/oberdiek/grfext.sty
Package: grfext 2010/08/19 v1.1 Manage graphics extensions (HO)

(/usr/share/texlive/texmf-dist/tex/generic/oberdiek/kvdefinekeys.sty
Package: kvdefinekeys 2011/04/07 v1.3 Define keys (HO)
))
(/usr/share/texlive/texmf-dist/tex/latex/oberdiek/kvoptions.sty
Package: kvoptions 2011/06/30 v3.11 Key value format for package options (HO)

(/usr/share/texlive/texmf-dist/tex/generic/oberdiek/kvsetkeys.sty
Package: kvsetkeys 2012/04/25 v1.16 Key value parser (HO)

(/usr/share/texlive/texmf-dist/tex/generic/oberdiek/etexcmds.sty
Package: etexcmds 2011/02/16 v1.5 Avoid name clashes with e-TeX commands (HO)
Package etexcmds Info: Could not find \expanded.
(etexcmds)             That can mean that you are not using pdfTeX 1.50 or
(etexcmds)             that some package has redefined \expanded.
(etexcmds)             In the latter case, load this package earlier.
)))
Package grfext Info: Graphics extension search list:
(grfext)             [.png,.pdf,.jpg,.mps,.jpeg,.jbig2,.jb2,.PNG,.PDF,.JPG,.JPE
G,.JBIG2,.JB2,.eps]
(grfext)             \AppendGraphicsExtensions on input line 452.

(/usr/share/texlive/texmf-dist/tex/latex/latexconfig/epstopdf-sys.cfg
File: epstopdf-sys.cfg 2010/07/13 v1.3 Configuration of (r)epstopdf for TeX Liv
e
))
Package caption Info: Begin \AtBeginDocument code.
Package caption Info: End \AtBeginDocument code.
LaTeX Font Info:    External font `cmex10' loaded for size
(Font)              <8> on input line 28.
LaTeX Font Info:    External font `cmex10' loaded for size
(Font)              <6> on input line 28.
LaTeX Font Info:    External font `cmex10' loaded for size
(Font)              <5> on input line 28.

Underfull \hbox (badness 10000) in paragraph at lines 77--78

 []


Underfull \hbox (badness 2027) in paragraph at lines 77--78
\OT1/ptm/m/n/10 by the pro-cess of al-lo-cat-ing mem-ory, remap-ping it to
 []


Underfull \hbox (badness 3724) in paragraph at lines 77--78
\OT1/ptm/m/n/10 over hard-ware re-sources. Con-fig-u-ra-tion fail-ures, up-date

 []

LaTeX Font Info:    Try loading font information for OMS+ptm on input line 78.
(/usr/share/texlive/texmf-dist/tex/latex/psnfss/omsptm.fd
File: omsptm.fd 
)
LaTeX Font Info:    Font shape `OMS/ptm/m/n' in size <8> not available
(Font)              Font shape `OMS/cmsy/m/n' tried instead on input line 78.
 [1{/var/lib/texmf/fonts/map/pdftex/updmap/pdftex.map}


]
<./images/system_architecture.png, id=11, 142.5325pt x 375.4025pt>
File: ./images/system_architecture.png Graphic file (type png)

<use ./images/system_architecture.png>
Package pdftex.def Info: ./images/system_architecture.png used on input line 10
1.
(pdftex.def)             Requested size: 92.34488pt x 224.84225pt.

<./images/use_case_simple_normal.png, id=13, 376.40625pt x 868.24374pt>
File: ./images/use_case_simple_normal.png Graphic file (type png)

<use ./images/use_case_simple_normal.png>
Package pdftex.def Info: ./images/use_case_simple_normal.png used on input line
 116.
(pdftex.def)             Requested size: 230.87103pt x 250.93634pt.
LaTeX Font Info:    External font `cmex10' loaded for size
(Font)              <7> on input line 123.
 [2 <./images/system_architecture.png>]
Underfull \hbox (badness 2253) in paragraph at lines 228--229
[]\OT1/ptm/m/n/10 The user is au-then-ti-cated by log-ging in with his
 []


Underfull \hbox (badness 10000) in paragraph at lines 229--230

 []

<./images/create_mpi.png, id=19, 1357.07pt x 770.88pt>
File: ./images/create_mpi.png Graphic file (type png)

<use ./images/create_mpi.png>
Package pdftex.def Info: ./images/create_mpi.png used on input line 231.
(pdftex.def)             Requested size: 230.8438pt x 120.4497pt.

Underfull \hbox (badness 10000) in paragraph at lines 235--236

 []

[3 <./images/use_case_simple_normal.png> <./images/create_mpi.png>]
<./images/mpi_list_view.png, id=25, 1371.1225pt x 451.6875pt>
File: ./images/mpi_list_view.png Graphic file (type png)

<use ./images/mpi_list_view.png>
Package pdftex.def Info: ./images/mpi_list_view.png used on input line 237.
(pdftex.def)             Requested size: 230.84912pt x 80.30087pt.

Underfull \hbox (badness 10000) in paragraph at lines 242--243

 []

<./images/add_private_cluster.png, id=26, 1330.9725pt x 428.60126pt>
File: ./images/add_private_cluster.png Graphic file (type png)

<use ./images/add_private_cluster.png>
Package pdftex.def Info: ./images/add_private_cluster.png used on input line 24
4.
(pdftex.def)             Requested size: 230.85216pt x 80.29713pt.

Underfull \hbox (badness 10000) in paragraph at lines 248--249

 []

<./images/mpi_detail_view.png, id=27, 1357.07pt x 939.51pt>
File: ./images/mpi_detail_view.png Graphic file (type png)

<use ./images/mpi_detail_view.png>
Package pdftex.def Info: ./images/mpi_detail_view.png used on input line 250.
(pdftex.def)             Requested size: 230.8438pt x 150.55403pt.

Underfull \hbox (badness 10000) in paragraph at lines 254--255

 []

<./images/toolset_list.png, id=28, 1356.06625pt x 770.88pt>
File: ./images/toolset_list.png Graphic file (type png)

<use ./images/toolset_list.png>
Package pdftex.def Info: ./images/toolset_list.png used on input line 256.
(pdftex.def)             Requested size: 230.85928pt x 120.4497pt.

Underfull \hbox (badness 10000) in paragraph at lines 260--261

 []

<./images/gamess_form.png, id=29, 1371.1225pt x 561.09625pt>
File: ./images/gamess_form.png Graphic file (type png)

<use ./images/gamess_form.png>
Package pdftex.def Info: ./images/gamess_form.png used on input line 262.
(pdftex.def)             Requested size: 230.84912pt x 100.36797pt.

Underfull \hbox (badness 10000) in paragraph at lines 266--267

 []

<./images/tasks_list_view.png, id=30, 1357.07pt x 700.6175pt>
File: ./images/tasks_list_view.png Graphic file (type png)

<use ./images/tasks_list_view.png>
Package pdftex.def Info: ./images/tasks_list_view.png used on input line 268.
(pdftex.def)             Requested size: 230.8438pt x 115.42584pt.

Underfull \hbox (badness 10000) in paragraph at lines 271--272

 []

<./images/jsmol_detail_view.png, id=31, 1361.085pt x 770.88pt>
File: ./images/jsmol_detail_view.png Graphic file (type png)

<use ./images/jsmol_detail_view.png>
Package pdftex.def Info: ./images/jsmol_detail_view.png used on input line 273.

(pdftex.def)             Requested size: 230.86218pt x 130.48326pt.

<./images/quis_graph.png, id=32, 785.93625pt x 400.49625pt>
File: ./images/quis_graph.png Graphic file (type png)

<use ./images/quis_graph.png>
Package pdftex.def Info: ./images/quis_graph.png used on input line 283.
(pdftex.def)             Requested size: 230.8658pt x 100.37436pt.
 [4 <./images/mpi_list_view.png> <./images/add_private_cluster.png> <./images/m
pi_detail_view.png> <./images/toolset_list.png> <./images/gamess_form.png> <./i
mages/tasks_list_view.png> <./images/jsmol_detail_view.png> <./images/quis_grap
h.png>] (./carpio-cs190-ieee.bbl
Underfull \hbox (badness 1596) in paragraph at lines 60--64
[]\OT1/ptm/m/n/8 E. Walker, ``Bench-mark-ing ama-zon ec2 for high-
 []


Underfull \hbox (badness 2119) in paragraph at lines 60--64
\OT1/ptm/m/n/8 performance sci-en-tific com-put-ing,'' Oct 2008. [On-
 []

Missing character: There is no â in font ptmr7t!
Missing character: There is no € in font ptmr7t!
Missing character: There is no ™ in font ptmr7t!

Overfull \hbox (7.04564pt too wide) in paragraph at lines 72--78
\OT1/ptm/m/n/8 http://www.cs.virginia.edu/ humphrey/papers/QuantitativeAnalysis
EC2.pdf 
 []

Missing character: There is no Ã in font ptmr7t!
** WARNING: IEEEtran.bst: No hyphenation pattern has been
** loaded for the language `en'. Using the pattern for
** the default language instead.
** WARNING: IEEEtran.bst: No hyphenation pattern has been
** loaded for the language `en'. Using the pattern for
** the default language instead.
) [5] (./carpio-cs190-ieee.aux) ) 
Here is how much of TeX's memory you used:
 3315 strings out of 495028
 54747 string characters out of 6181497
 116440 words of memory out of 5000000
 6498 multiletter control sequences out of 15000+600000
 37551 words of font info for 71 fonts, out of 8000000 for 9000
 14 hyphenation exceptions out of 8191
 38i,9n,38p,1559b,298s stack positions out of 5000i,500n,10000p,200000b,80000s
{/usr/share/texlive/texmf-dist/fonts/enc/dvips
/base/8r.enc}</usr/share/texlive/texmf-dist/fonts/type1/public/amsfonts/cm/cmsy
7.pfb></usr/share/texlive/texmf-dist/fonts/type1/public/amsfonts/cm/cmsy8.pfb><
/usr/share/texlive/texmf-dist/fonts/type1/urw/times/utmb8a.pfb></usr/share/texl
ive/texmf-dist/fonts/type1/urw/times/utmbi8a.pfb></usr/share/texlive/texmf-dist
/fonts/type1/urw/times/utmr8a.pfb></usr/share/texlive/texmf-dist/fonts/type1/ur
w/times/utmri8a.pfb>
Output written on carpio-cs190-ieee.pdf (5 pages, 679075 bytes).
PDF statistics:
 68 PDF objects out of 1000 (max. 8388607)
 32 compressed objects within 1 object stream
 0 named destinations out of 1000 (max. 500000)
 56 words of extra memory for PDF output out of 10000 (max. 10000000)

